[debug] [2018-02-13T23:58:07.941Z] ----------------------------------------------------------------------
[debug] [2018-02-13T23:58:07.943Z] Command:       C:\Program Files\nodejs\node.exe C:\Users\acant\AppData\Roaming\npm\node_modules\firebase-tools\bin\firebase serve
[debug] [2018-02-13T23:58:07.943Z] CLI Version:   3.17.4
[debug] [2018-02-13T23:58:07.943Z] Platform:      win32
[debug] [2018-02-13T23:58:07.943Z] Node Version:  v8.4.0
[debug] [2018-02-13T23:58:07.943Z] Time:          Tue Feb 13 2018 15:58:07 GMT-0800 (Pacific Standard Time)
[debug] [2018-02-13T23:58:07.943Z] ----------------------------------------------------------------------
[debug] 
[debug] [2018-02-13T23:58:07.950Z] > command requires scopes: ["email","openid","https://www.googleapis.com/auth/cloudplatformprojects.readonly","https://www.googleapis.com/auth/firebase","https://www.googleapis.com/auth/cloud-platform"]
[debug] [2018-02-13T23:58:07.950Z] > authorizing via signed-in user
[debug] [2018-02-13T23:58:07.956Z] > refreshing access token with scopes: ["email","https://www.googleapis.com/auth/cloud-platform","https://www.googleapis.com/auth/cloudplatformprojects.readonly","https://www.googleapis.com/auth/firebase","openid"]
[debug] [2018-02-13T23:58:07.956Z] >>> HTTP REQUEST POST https://www.googleapis.com/oauth2/v3/token  
 { refresh_token: '1/IrG6JBIk7aX53UCMJyL0P14MJRxjmMoMoexjaYZ6R-3OuaXlU4s7lpF-aFd_3VwJ',
  client_id: '563584335869-fgrhgmd47bqnekij5i8b5pr03ho849e6.apps.googleusercontent.com',
  client_secret: 'j9iVZfS8kkCEFUPaAeJV0sAi',
  grant_type: 'refresh_token',
  scope: 'email https://www.googleapis.com/auth/cloud-platform https://www.googleapis.com/auth/cloudplatformprojects.readonly https://www.googleapis.com/auth/firebase openid' } 
 Tue Feb 13 2018 15:58:07 GMT-0800 (Pacific Standard Time)
[debug] [2018-02-13T23:58:08.141Z] <<< HTTP RESPONSE 200
[debug] [2018-02-13T23:58:08.156Z] >>> HTTP REQUEST GET https://admin.firebase.com/v1/projects/fir-demo-project  
  
 Tue Feb 13 2018 15:58:08 GMT-0800 (Pacific Standard Time)
[debug] [2018-02-13T23:58:08.598Z] <<< HTTP RESPONSE 200
[debug] [2018-02-13T23:58:08.599Z] >>> HTTP REQUEST GET https://admin.firebase.com/v1/database/fir-demo-project/tokens  
  
 Tue Feb 13 2018 15:58:08 GMT-0800 (Pacific Standard Time)
[debug] [2018-02-13T23:58:09.107Z] <<< HTTP RESPONSE 200
[info] 
[info] === Serving from 'C:\Users\acant\Desktop\apps\TodoList'...
[info] 
[debug] [2018-02-13T23:58:09.124Z] >>> HTTP REQUEST GET https://cloudresourcemanager.googleapis.com/v1/projects/fir-demo-project  
  
 Tue Feb 13 2018 15:58:09 GMT-0800 (Pacific Standard Time)
[debug] [2018-02-13T23:58:09.621Z] <<< HTTP RESPONSE 200
[debug] [2018-02-13T23:58:09.622Z] >>> HTTP REQUEST GET https://mobilesdk-pa.googleapis.com/v1/projects/300830567303/clients/_:getWebAppConfig  
  
 Tue Feb 13 2018 15:58:09 GMT-0800 (Pacific Standard Time)
[debug] [2018-02-13T23:58:10.236Z] <<< HTTP RESPONSE 200
[debug] [2018-02-13T23:58:10.334Z] TypeError: Cannot read property 'public' of undefined
    at Server.<anonymous> (C:\Users\acant\AppData\Roaming\npm\node_modules\firebase-tools\lib\serve\hosting.js:34:17)
    at Object.onceWrapper (events.js:314:30)
    at emitNone (events.js:105:13)
    at Server.emit (events.js:207:7)
    at emitListeningNT (net.js:1349:10)
    at _combinedTickCallback (internal/process/next_tick.js:135:11)
    at process._tickDomainCallback (internal/process/next_tick.js:218:9)
[error] 
[error] Error: An unexpected error has occurred.
[debug] [2018-02-14T00:03:43.964Z] ----------------------------------------------------------------------
[debug] [2018-02-14T00:03:43.967Z] Command:       C:\Program Files\nodejs\node.exe C:\Users\acant\AppData\Roaming\npm\node_modules\firebase-tools\bin\firebase serve
[debug] [2018-02-14T00:03:43.967Z] CLI Version:   3.17.4
[debug] [2018-02-14T00:03:43.967Z] Platform:      win32
[debug] [2018-02-14T00:03:43.967Z] Node Version:  v8.4.0
[debug] [2018-02-14T00:03:43.967Z] Time:          Tue Feb 13 2018 16:03:43 GMT-0800 (Pacific Standard Time)
[debug] [2018-02-14T00:03:43.968Z] ----------------------------------------------------------------------
[debug] 
[debug] [2018-02-14T00:03:43.975Z] > command requires scopes: ["email","openid","https://www.googleapis.com/auth/cloudplatformprojects.readonly","https://www.googleapis.com/auth/firebase","https://www.googleapis.com/auth/cloud-platform"]
[debug] [2018-02-14T00:03:43.975Z] > authorizing via signed-in user
[debug] [2018-02-14T00:03:43.975Z] >>> HTTP REQUEST GET https://admin.firebase.com/v1/projects/fir-demo-project  
  
 Tue Feb 13 2018 16:03:43 GMT-0800 (Pacific Standard Time)
[debug] [2018-02-14T00:03:44.483Z] <<< HTTP RESPONSE 200
[debug] [2018-02-14T00:03:44.485Z] >>> HTTP REQUEST GET https://admin.firebase.com/v1/database/fir-demo-project/tokens  
  
 Tue Feb 13 2018 16:03:44 GMT-0800 (Pacific Standard Time)
[debug] [2018-02-14T00:03:44.977Z] <<< HTTP RESPONSE 200
[info] 
[info] === Serving from 'C:\Users\acant\Desktop\apps\TodoList'...
[info] 
[debug] [2018-02-14T00:03:44.987Z] >>> HTTP REQUEST GET https://cloudresourcemanager.googleapis.com/v1/projects/fir-demo-project  
  
 Tue Feb 13 2018 16:03:44 GMT-0800 (Pacific Standard Time)
[debug] [2018-02-14T00:03:45.493Z] <<< HTTP RESPONSE 200
[debug] [2018-02-14T00:03:45.495Z] >>> HTTP REQUEST GET https://mobilesdk-pa.googleapis.com/v1/projects/300830567303/clients/_:getWebAppConfig  
  
 Tue Feb 13 2018 16:03:45 GMT-0800 (Pacific Standard Time)
[debug] [2018-02-14T00:03:45.962Z] <<< HTTP RESPONSE 200
[info] i  hosting: Serving hosting files from: ./
[info] +  hosting: Local server: http://localhost:5000

